<?xml version="1.0" encoding="UTF-8"?>
<testng-results skipped="0" failed="0" total="1" passed="1">
  <reporter-output>
  </reporter-output>
  <suite name="Default suite" duration-ms="86280" started-at="2018-04-11T03:18:10Z" finished-at="2018-04-11T03:19:36Z">
    <groups>
    </groups>
    <test name="Default test" duration-ms="86280" started-at="2018-04-11T03:18:10Z" finished-at="2018-04-11T03:19:36Z">
      <class name="com.cpeoc.weixin.testcases.WeiFuWu">
        <test-method status="PASS" signature="beforeSuite()[pri:0, instance:com.cpeoc.weixin.testcases.WeiFuWu@6b71769e]" name="beforeSuite" is-config="true" duration-ms="24433" started-at="2018-04-11T11:17:46Z" finished-at="2018-04-11T11:18:10Z">
          <reporter-output>
          </reporter-output>
        </test-method> <!-- beforeSuite -->
        <test-method status="PASS" signature="testOpenMenu(java.lang.String, java.lang.String, java.lang.String)[pri:0, instance:com.cpeoc.weixin.testcases.WeiFuWu@6b71769e]" name="testOpenMenu" duration-ms="85960" started-at="2018-04-11T11:18:10Z" data-provider="menu" finished-at="2018-04-11T11:19:36Z">
          <params>
            <param index="0">
              <value>
                <![CDATA[微服务]]>
              </value>
            </param>
            <param index="1">
              <value>
                <![CDATA[//*[@text='查邮件/资费/网点/邮编']]]>
              </value>
            </param>
            <param index="2">
              <value>
                <![CDATA[车主服务]]>
              </value>
            </param>
          </params>
          <reporter-output>
          </reporter-output>
        </test-method> <!-- testOpenMenu -->
        <test-method status="PASS" signature="afterTest()[pri:0, instance:com.cpeoc.weixin.testcases.WeiFuWu@6b71769e]" name="afterTest" is-config="true" duration-ms="312" started-at="2018-04-11T11:19:36Z" finished-at="2018-04-11T11:19:36Z">
          <reporter-output>
          </reporter-output>
        </test-method> <!-- afterTest -->
        <test-method status="PASS" signature="afterSuite()[pri:0, instance:com.cpeoc.weixin.testcases.WeiFuWu@6b71769e]" name="afterSuite" is-config="true" duration-ms="4201" started-at="2018-04-11T11:19:36Z" finished-at="2018-04-11T11:19:40Z">
          <reporter-output>
          </reporter-output>
        </test-method> <!-- afterSuite -->
      </class> <!-- com.cpeoc.weixin.testcases.WeiFuWu -->
    </test> <!-- Default test -->
  </suite> <!-- Default suite -->
</testng-results>
