<?xml version="1.0" encoding="UTF-8"?>
<!-- Generated by org.testng.reporters.JUnitXMLReporter -->
<testsuite hostname="k" name="testOpen" tests="3" failures="0" timestamp="13 Apr 2018 08:37:59 GMT" time="218.206" errors="0">
  <testcase name="testOpenMenu" time="87.476" classname="com.cpeoc.weixin.testcases.FenSiZhuanXiang"/>
  <testcase name="testOpenMenu" time="79.887" classname="com.cpeoc.weixin.testcases.WeiFuWu"/>
  <testcase name="testOpenMenu" time="50.742" classname="com.cpeoc.weixin.testcases.WeiShangCheng"/>
</testsuite> <!-- testOpen -->
